<?xml version="1.0" encoding="UTF-8"?>
<!-- Generated by org.testng.reporters.JUnitXMLReporter -->
<testsuite ignored="0" hostname="DESKTOP-9S969CC" failures="1" tests="2" name="Test" time="25.304" errors="0" timestamp="2023-09-13T15:47:56 IST">
  <testcase classname="com.testingshashtra.regression.SearchComponentsTests" name="verifySearchResultsArePopulatingCorrectResultsForMenSneakers" time="25.192">
    <failure type="java.lang.AssertionError" message="expected [true] but found [false]">
      <![CDATA[java.lang.AssertionError: expected [true] but found [false]
at com.testingshashtra.regression.SearchComponentsTests.verifySearchResultsArePopulatingCorrectResultsForMenSneakers(SearchComponentsTests.java:34)
at java.base/java.util.ArrayList.forEach(ArrayList.java:1511)
... Removed 31 stack frames]]>
    </failure>
  </testcase> <!-- verifySearchResultsArePopulatingCorrectResultsForMenSneakers -->
  <testcase classname="com.testingshashtra.regression.ATest" name="m2" time="0.011"/>
</testsuite> <!-- Test -->
