<?xml version="1.0" encoding="UTF-8"?>
<!-- Generated by org.testng.reporters.JUnitXMLReporter -->
<testsuite ignored="0" hostname="DESKTOP-9S969CC" failures="3" tests="11" name="Test1" time="31.288" errors="0" timestamp="2023-09-20T12:42:45 IST">
  <testcase classname="com.testingshashtra.regression.SearchComponentsTests" name="verifySearchResultsArePopulatingCorrectResultsForMenSneakers" time="20.312">
    <failure type="java.lang.AssertionError" message="expected [true] but found [false]">
      <![CDATA[java.lang.AssertionError: expected [true] but found [false]
at com.testingshashtra.regression.SearchComponentsTests.verifySearchResultsArePopulatingCorrectResultsForMenSneakers(SearchComponentsTests.java:42)
at java.base/java.util.ArrayList.forEach(ArrayList.java:1511)
... Removed 31 stack frames]]>
    </failure>
  </testcase> <!-- verifySearchResultsArePopulatingCorrectResultsForMenSneakers -->
  <testcase classname="com.testingshashtra.regression.ATest" name="groupTestOfATest" time="0.006"/>
  <testcase classname="com.testingshashtra.regression.ATest" name="m11" time="0.006"/>
  <testcase classname="com.testingshashtra.regression.ATest" name="m2" time="0.007"/>
  <testcase classname="com.testingshashtra.regression.ATest" name="parameterTestCase" time="0.015"/>
  <testcase classname="com.testingshashtra.regression.BTest" name="groupTestOfBTest" time="0.009"/>
  <testcase classname="com.testingshashtra.regression.BTest" name="m6" time="0.003"/>
  <testcase classname="com.testingshashtra.regression.BTest" name="m7" time="0.002"/>
  <testcase classname="com.testingshashtra.regression.BTest" name="sanityTestCase1" time="0.006"/>
  <testcase classname="com.testingshashtra.regression.BTest" name="stringSanityHardAssertTestcase" time="0.013">
    <failure type="java.lang.AssertionError" message="expected [Hello] but found [Hi]">
      <![CDATA[java.lang.AssertionError: expected [Hello] but found [Hi]
at com.testingshashtra.regression.BTest.stringSanityHardAssertTestcase(BTest.java:72)
at java.base/java.util.ArrayList.forEach(ArrayList.java:1511)
... Removed 33 stack frames]]>
    </failure>
  </testcase> <!-- stringSanityHardAssertTestcase -->
  <testcase classname="com.testingshashtra.regression.BTest" name="stringSoftAss" time="0.02">
    <failure type="java.lang.AssertionError" message="The following asserts failed:
	expected [Hello] but found [Hi]">
      <![CDATA[java.lang.AssertionError: The following asserts failed:
expected [Hello] but found [Hi]
at com.testingshashtra.regression.BTest.stringSoftAss(BTest.java:88)
at java.base/java.util.ArrayList.forEach(ArrayList.java:1511)
... Removed 29 stack frames]]>
    </failure>
  </testcase> <!-- stringSoftAss -->
</testsuite> <!-- Test1 -->
